#
# There is insufficient memory for the Java Runtime Environment to continue.
# Native memory allocation (mmap) failed to map 536870912 bytes. Error detail: G1 virtual space
# Possible reasons:
#   The system is out of physical RAM or swap space
#   This process is running with CompressedOops enabled, and the Java Heap may be blocking the growth of the native heap
# Possible solutions:
#   Reduce memory load on the system
#   Increase physical memory or swap space
#   Check if swap backing store is full
#   Decrease Java heap size (-Xmx/-Xms)
#   Decrease number of Java threads
#   Decrease Java thread stack sizes (-Xss)
#   Set larger code cache with -XX:ReservedCodeCacheSize=
#   JVM is running with Zero Based Compressed Oops mode in which the Java heap is
#     placed in the first 32GB address space. The Java Heap base address is the
#     maximum limit for the native heap growth. Please use -XX:HeapBaseMinAddress
#     to set the Java Heap base and to place the Java Heap above 32GB virtual address.
# This output file may be truncated or incomplete.
#
#  Out of Memory Error (os_windows.cpp:3564), pid=38032, tid=38948
#
# JRE version:  (24.0.1+9) (build )
# Java VM: OpenJDK 64-Bit Server VM (24.0.1+9, mixed mode, sharing, tiered, compressed oops, compressed class ptrs, g1 gc, windows-amd64)
# No core dump will be written. Minidumps are not enabled by default on client versions of Windows
#

---------------  S U M M A R Y ------------

Command Line: -Dfile.encoding=UTF-8 --module-path=C:\Users\sidda\Documents\NetBeansProjects\manag\build\classes manag.transaction

Host: Intel(R) Celeron(R) N4500 @ 1.10GHz, 2 cores, 31G,  Windows 11 , 64 bit Build 26100 (10.0.26100.4484)
Time: Fri Jul 25 03:10:59 2025 Pacific Daylight Time elapsed time: 0.034624 seconds (0d 0h 0m 0s)

---------------  T H R E A D  ---------------

Current thread (0x000002319a07cc70):  JavaThread "Unknown thread" [_thread_in_vm, id=38948, stack(0x0000008e66100000,0x0000008e66200000) (1024K)]

Stack: [0x0000008e66100000,0x0000008e66200000]
Native frames: (J=compiled Java code, j=interpreted, Vv=VM code, C=native code)
V  [jvm.dll+0x7410c9]  (no source info available)
V  [jvm.dll+0x97def3]  (no source info available)
V  [jvm.dll+0x98021d]  (no source info available)
V  [jvm.dll+0x980893]  (no source info available)
V  [jvm.dll+0x2b5b16]  (no source info available)
V  [jvm.dll+0x73d535]  (no source info available)
V  [jvm.dll+0x730d0a]  (no source info available)
V  [jvm.dll+0x39ea4a]  (no source info available)
V  [jvm.dll+0x3a6746]  (no source info available)
V  [jvm.dll+0x392fce]  (no source info available)
V  [jvm.dll+0x393288]  (no source info available)
V  [jvm.dll+0x369fcc]  (no source info available)
V  [jvm.dll+0x36ac8d]  (no source info available)
V  [jvm.dll+0x94069f]  (no source info available)
V  [jvm.dll+0x4077ad]  (no source info available)
V  [jvm.dll+0x928b1e]  (no source info available)
V  [jvm.dll+0x4a2c4e]  (no source info available)
V  [jvm.dll+0x4a4b81]  (no source info available)
C  [jli.dll+0x52a1]  (no source info available)
C  [ucrtbase.dll+0x37b0]  (no source info available)
C  [KERNEL32.DLL+0x2e8d7]  (no source info available)
C  [ntdll.dll+0x3c34c]  (no source info available)

Lock stack of current Java thread (top to bottom):


---------------  P R O C E S S  ---------------

Threads class SMR info:
_java_thread_list=0x00007fffb33cbf58, length=0, elements={
}

Java Threads: ( => current thread )
Total: 0

Other Threads:
  0x000002319c55fb60 WorkerThread "GC Thread#0"                     [id=38952, stack(0x0000008e66200000,0x0000008e66300000) (1024K)]
  0x000002319c5758d0 ConcurrentGCThread "G1 Main Marker"            [id=38956, stack(0x0000008e66300000,0x0000008e66400000) (1024K)]
  0x000002319c576b80 WorkerThread "G1 Conc#0"                       [id=38960, stack(0x0000008e66400000,0x0000008e66500000) (1024K)]

[error occurred during error reporting (printing all threads), id 0xc0000005, EXCEPTION_ACCESS_VIOLATION (0xc0000005) at pc=0x00007fffb2a3efaa]
VM state: not at safepoint (not fully initialized)

VM Mutex/Monitor currently owned by a thread:  ([mutex/lock_event])
[0x00007fffb34550c8] Heap_lock - owner thread: 0x000002319a07cc70

Heap address: 0x0000000602c00000, size: 8148 MB, Compressed Oops mode: Zero based, Oop shift amount: 3

CDS archive(s) mapped at: [0x0000000000000000-0x0000000000000000-0x0000000000000000), size 0, SharedBaseAddress: 0x0000000800000000, ArchiveRelocationMode: 1.
UseCompressedClassPointers 1, UseCompactObjectHeaders 0
Narrow klass pointer bits 32, Max shift 3
Narrow klass base: 0xffffffffffffffff, Narrow klass shift: -1
Encoding Range: [0xffffffffffffffff - 0x000000007fffffff), (2147483648 bytes)
Klass Range:    [0x0000000000000000 - 0x0000000000000000), (0 bytes)
Klass ID Range:  [4294967295 - 0) (1)

GC Precious Log:
 CardTable entry size: 512
 Card Set container configuration: InlinePtr #cards 4 size 8 Array Of Cards #cards 32 size 80 Howl #buckets 8 coarsen threshold 7372 Howl Bitmap #cards 1024 size 144 coarsen threshold 921 Card regions per heap region 1 cards per card region 8192

Heap:
 garbage-first heap   total reserved 8343552K, committed 0K, used 0K [0x0000000602c00000, 0x0000000800000000)
  region size 4096K, 0 young (0K), 0 survivors (0K)

[error occurred during error reporting (printing heap information), id 0xc0000005, EXCEPTION_ACCESS_VIOLATION (0xc0000005) at pc=0x00007fffb2e5f8e9]
GC Heap History (0 events):
No events

Dll operation events (1 events):
Event: 0.024 Loaded shared library C:\Program Files\Apache NetBeans\jdk\bin\java.dll

Deoptimization events (0 events):
No events

Classes loaded (0 events):
No events

Classes unloaded (0 events):
No events

Classes redefined (0 events):
No events

Internal exceptions (0 events):
No events

VM Operations (0 events):
No events

Memory protections (0 events):
No events

Nmethod flushes (0 events):
No events

Events (0 events):
No events


Dynamic libraries:
0x00007ff63ca50000 - 0x00007ff63ca5e000 	C:\Program Files\Apache NetBeans\jdk\bin\java.exe
0x00007ff819960000 - 0x00007ff819bc8000 	C:\WINDOWS\SYSTEM32\ntdll.dll
0x00007ff818b00000 - 0x00007ff818bc9000 	C:\WINDOWS\System32\KERNEL32.DLL
0x00007ff816f80000 - 0x00007ff81736d000 	C:\WINDOWS\System32\KERNELBASE.dll
0x00007ff816bf0000 - 0x00007ff816d3b000 	C:\WINDOWS\System32\ucrtbase.dll
0x00007ffff3570000 - 0x00007ffff3586000 	C:\Program Files\Apache NetBeans\jdk\bin\jli.dll
0x00007ffff4c60000 - 0x00007ffff4c7e000 	C:\Program Files\Apache NetBeans\jdk\bin\VCRUNTIME140.dll
0x00007ff818bd0000 - 0x00007ff818d9c000 	C:\WINDOWS\System32\USER32.dll
0x00007ff816d40000 - 0x00007ff816d67000 	C:\WINDOWS\System32\win32u.dll
0x00007ff8059f0000 - 0x00007ff805c8a000 	C:\WINDOWS\WinSxS\amd64_microsoft.windows.common-controls_6595b64144ccf1df_6.0.26100.4484_none_3e0e6d4ce32ef3b3\COMCTL32.dll
0x00007ff8181b0000 - 0x00007ff8181db000 	C:\WINDOWS\System32\GDI32.dll
0x00007ff816ab0000 - 0x00007ff816be7000 	C:\WINDOWS\System32\gdi32full.dll
0x00007ff817370000 - 0x00007ff817413000 	C:\WINDOWS\System32\msvcp_win.dll
0x00007ff819870000 - 0x00007ff819919000 	C:\WINDOWS\System32\msvcrt.dll
0x00007ff818580000 - 0x00007ff8185af000 	C:\WINDOWS\System32\IMM32.DLL
0x00007ff805d70000 - 0x00007ff805d7c000 	C:\Program Files\Apache NetBeans\jdk\bin\vcruntime140_1.dll
0x00007fffeec40000 - 0x00007fffeeccd000 	C:\Program Files\Apache NetBeans\jdk\bin\msvcp140.dll
0x00007fffb26c0000 - 0x00007fffb353c000 	C:\Program Files\Apache NetBeans\jdk\bin\server\jvm.dll
0x00007ff8180f0000 - 0x00007ff8181a4000 	C:\WINDOWS\System32\ADVAPI32.dll
0x00007ff819500000 - 0x00007ff8195a6000 	C:\WINDOWS\System32\sechost.dll
0x00007ff818650000 - 0x00007ff818768000 	C:\WINDOWS\System32\RPCRT4.dll
0x00007ff819480000 - 0x00007ff8194f4000 	C:\WINDOWS\System32\WS2_32.dll
0x00007ff816760000 - 0x00007ff8167be000 	C:\WINDOWS\SYSTEM32\POWRPROF.dll
0x00007ff800dd0000 - 0x00007ff800e05000 	C:\WINDOWS\SYSTEM32\WINMM.dll
0x00007ff809fc0000 - 0x00007ff809fcb000 	C:\WINDOWS\SYSTEM32\VERSION.dll
0x00007ff816740000 - 0x00007ff816754000 	C:\WINDOWS\SYSTEM32\UMPDC.dll
0x00007ff815810000 - 0x00007ff81582b000 	C:\WINDOWS\SYSTEM32\kernel.appcore.dll
0x00007ffff35a0000 - 0x00007ffff35aa000 	C:\Program Files\Apache NetBeans\jdk\bin\jimage.dll
0x00007ff814140000 - 0x00007ff814381000 	C:\WINDOWS\SYSTEM32\DBGHELP.DLL
0x00007ff818770000 - 0x00007ff818af6000 	C:\WINDOWS\System32\combase.dll
0x00007ff817e50000 - 0x00007ff817f30000 	C:\WINDOWS\System32\OLEAUT32.dll
0x00007ffffb440000 - 0x00007ffffb483000 	C:\WINDOWS\SYSTEM32\dbgcore.DLL
0x00007ff8175a0000 - 0x00007ff817639000 	C:\WINDOWS\System32\bcryptPrimitives.dll
0x00007ffff4c40000 - 0x00007ffff4c5e000 	C:\Program Files\Apache NetBeans\jdk\bin\java.dll
0x00007ff817f40000 - 0x00007ff8180de000 	C:\WINDOWS\System32\ole32.dll
0x00007ff817700000 - 0x00007ff817e4a000 	C:\WINDOWS\System32\SHELL32.dll
0x00007ff816d70000 - 0x00007ff816ee4000 	C:\WINDOWS\System32\wintypes.dll

JVMTI agents: none

dbghelp: loaded successfully - version: 4.0.5 - missing functions: none
symbol engine: initialized successfully - sym options: 0x614 - pdb path: .;C:\Program Files\Apache NetBeans\jdk\bin;C:\WINDOWS\SYSTEM32;C:\WINDOWS\WinSxS\amd64_microsoft.windows.common-controls_6595b64144ccf1df_6.0.26100.4484_none_3e0e6d4ce32ef3b3;C:\Program Files\Apache NetBeans\jdk\bin\server

VM Arguments:
jvm_args: -Dfile.encoding=UTF-8 --module-path=C:\Users\sidda\Documents\NetBeansProjects\manag\build\classes 
java_command: manag.transaction
java_class_path (initial): C:\Users\sidda\Downloads\jcalendar-1.4\lib\jcalendar-1.4.jar;C:\Users\sidda\Downloads\mysql-connector-j-8.3.0\mysql-connector-j-8.3.0\mysql-connector-j-8.3.0.jar;C:\Users\sidda\Documents\NetBeansProjects\manag\build\classes
Launcher Type: SUN_STANDARD

[Global flags]
     intx CICompilerCount                          = 2                                         {product} {ergonomic}
     uint ConcGCThreads                            = 1                                         {product} {ergonomic}
     uint G1ConcRefinementThreads                  = 2                                         {product} {ergonomic}
   size_t G1HeapRegionSize                         = 4194304                                   {product} {ergonomic}
   size_t InitialHeapSize                          = 536870912                                 {product} {ergonomic}
   size_t MarkStackSize                            = 4194304                                   {product} {ergonomic}
   size_t MarkStackSizeMax                         = 536870912                                 {product} {ergonomic}
   size_t MaxHeapSize                              = 8543797248                                {product} {ergonomic}
   size_t MinHeapDeltaBytes                        = 4194304                                   {product} {ergonomic}
   size_t MinHeapSize                              = 8388608                                   {product} {ergonomic}
    uintx NonNMethodCodeHeapSize                   = 5767168                                {pd product} {ergonomic}
    uintx NonProfiledCodeHeapSize                  = 123011072                              {pd product} {ergonomic}
    uintx ProfiledCodeHeapSize                     = 122880000                              {pd product} {ergonomic}
    uintx ReservedCodeCacheSize                    = 251658240                              {pd product} {ergonomic}
     bool SegmentedCodeCache                       = true                                      {product} {ergonomic}
   size_t SoftMaxHeapSize                          = 8543797248                             {manageable} {ergonomic}
     bool UseCompressedOops                        = true                           {product lp64_product} {ergonomic}
     bool UseG1GC                                  = true                                      {product} {ergonomic}
     bool UseLargePagesIndividualAllocation        = false                                  {pd product} {ergonomic}

Logging:
Log output configuration:
 #0: stdout all=warning uptime,level,tags foldmultilines=false
 #1: stderr all=off uptime,level,tags foldmultilines=false

Environment Variables:
PATH=C:\Program Files\Common Files\Oracle\Java\javapath;C:\WINDOWS\system32;C:\WINDOWS;C:\WINDOWS\System32\Wbem;C:\WINDOWS\System32\WindowsPowerShell\v1.0\;C:\WINDOWS\System32\OpenSSH\;C:\Program Files\Java\jdk-24\bin;C:\Program Files\MySQL\MySQL Shell 8.0\bin\;C:\Users\sidda\AppData\Local\Microsoft\WindowsApps;C:\Users\sidda\AppData\Local\Programs\Microsoft VS Code\bin
USERNAME=sidda
OS=Windows_NT
PROCESSOR_IDENTIFIER=Intel64 Family 6 Model 156 Stepping 0, GenuineIntel
TMP=C:\Users\sidda\AppData\Local\Temp
TEMP=C:\Users\sidda\AppData\Local\Temp




Periodic native trim disabled

---------------  S Y S T E M  ---------------

OS:
 Windows 11 , 64 bit Build 26100 (10.0.26100.4484)
OS uptime: 9 days 18:56 hours
Hyper-V role detected

CPU: total 2 (initial active 2) (2 cores per cpu, 1 threads per core) family 6 model 156 stepping 0 microcode 0x24000026, cx8, cmov, fxsr, mmx, 3dnowpref, sse, sse2, sse3, ssse3, sse4.1, sse4.2, popcnt, tsc, tscinvbit, aes, erms, clmul, sha, clflush, clflushopt, clwb, hv, rdtscp, rdpid
Processor Information for the first 2 processors :
  Max Mhz: 1114, Current Mhz: 1114, Mhz Limit: 1114

Memory: 4k page, system-wide physical 32577M (16186M free)
TotalPageFile size 130823M (AvailPageFile size 409M)
current process WorkingSet (physical memory assigned to process): 13M, peak: 13M
current process commit charge ("private bytes"): 48M, peak: 560M

vm_info: OpenJDK 64-Bit Server VM (24.0.1+9) for windows-amd64 JRE (24.0.1+9) (Zulu24.30+11-CA), built on 2025-03-21T13:52:34Z with MS VC++ 17.1 (VS2022)

END.
